[0m16:14:11.323458 [debug] [MainThread]: Sending event: {'category': 'dbt', 'action': 'invocation', 'label': 'start', 'context': [<snowplow_tracker.self_describing_json.SelfDescribingJson object at 0x1048fd3a0>, <snowplow_tracker.self_describing_json.SelfDescribingJson object at 0x106610a40>, <snowplow_tracker.self_describing_json.SelfDescribingJson object at 0x1066106e0>]}


============================== 16:14:11.325691 | c66486ee-1276-46b9-8071-11995f0c428b ==============================
[0m16:14:11.325691 [info ] [MainThread]: Running with dbt=1.9.2
[0m16:14:11.325939 [debug] [MainThread]: running dbt with arguments {'printer_width': '80', 'indirect_selection': 'eager', 'log_cache_events': 'False', 'write_json': 'True', 'partial_parse': 'True', 'cache_selected_only': 'False', 'profiles_dir': '/Users/tomvandorpe/.dbt', 'version_check': 'True', 'debug': 'False', 'log_path': 'logs', 'fail_fast': 'False', 'warn_error': 'None', 'use_colors': 'True', 'use_experimental_parser': 'False', 'no_print': 'None', 'quiet': 'False', 'empty': 'None', 'warn_error_options': 'WarnErrorOptions(include=[], exclude=[])', 'introspect': 'True', 'invocation_command': 'dbt init', 'log_format': 'default', 'target_path': 'None', 'static_parser': 'True', 'send_anonymous_usage_stats': 'True'}
[0m16:16:15.816943 [debug] [MainThread]: Starter project path: /Users/tomvandorpe/Documents/dbt_core_postgres/.venv/lib/python3.12/site-packages/dbt/include/starter_project
[0m16:16:15.828810 [info ] [MainThread]: 
Your new dbt project "dbt_fundamentals_initiative" was created!

For more information on how to configure the profiles.yml file,
please consult the dbt documentation here:

  https://docs.getdbt.com/docs/configure-your-profile

One more thing:

Need help? Don't hesitate to reach out to us via GitHub issues or on Slack:

  https://community.getdbt.com/

Happy modeling!

[0m16:16:15.829381 [info ] [MainThread]: Setting up your profile.
[0m16:20:15.232510 [info ] [MainThread]: Profile dbt_fundamentals_initiative written to /Users/tomvandorpe/.dbt/profiles.yml using target's profile_template.yml and your supplied values. Run 'dbt debug' to validate the connection.
[0m16:20:15.237129 [debug] [MainThread]: Resource report: {"command_name": "init", "command_success": true, "command_wall_clock_time": 363.95447, "process_in_blocks": "0", "process_kernel_time": 0.137967, "process_mem_max_rss": "96141312", "process_out_blocks": "0", "process_user_time": 0.59947}
[0m16:20:15.237745 [debug] [MainThread]: Command `dbt init` succeeded at 16:20:15.237613 after 363.96 seconds
[0m16:20:15.238172 [debug] [MainThread]: Sending event: {'category': 'dbt', 'action': 'invocation', 'label': 'end', 'context': [<snowplow_tracker.self_describing_json.SelfDescribingJson object at 0x1066d61e0>, <snowplow_tracker.self_describing_json.SelfDescribingJson object at 0x10663d250>, <snowplow_tracker.self_describing_json.SelfDescribingJson object at 0x106610890>]}
[0m16:20:15.238588 [debug] [MainThread]: Flushing usage events
[0m16:20:15.871865 [debug] [MainThread]: An error was encountered while trying to flush usage events
[0m16:20:30.382417 [debug] [MainThread]: Sending event: {'category': 'dbt', 'action': 'invocation', 'label': 'start', 'context': [<snowplow_tracker.self_describing_json.SelfDescribingJson object at 0x108628e90>, <snowplow_tracker.self_describing_json.SelfDescribingJson object at 0x108b08b30>, <snowplow_tracker.self_describing_json.SelfDescribingJson object at 0x108b08830>]}


============================== 16:20:30.384554 | b80c2418-a6b4-4028-91e3-9e5f2a7cf8f4 ==============================
[0m16:20:30.384554 [info ] [MainThread]: Running with dbt=1.9.2
[0m16:20:30.384805 [debug] [MainThread]: running dbt with arguments {'printer_width': '80', 'indirect_selection': 'eager', 'write_json': 'True', 'log_cache_events': 'False', 'partial_parse': 'True', 'cache_selected_only': 'False', 'profiles_dir': '/Users/tomvandorpe/.dbt', 'version_check': 'True', 'debug': 'False', 'log_path': 'logs', 'fail_fast': 'False', 'warn_error': 'None', 'use_colors': 'True', 'use_experimental_parser': 'False', 'no_print': 'None', 'quiet': 'False', 'empty': 'None', 'warn_error_options': 'WarnErrorOptions(include=[], exclude=[])', 'static_parser': 'True', 'introspect': 'True', 'log_format': 'default', 'target_path': 'None', 'invocation_command': 'dbt debug', 'send_anonymous_usage_stats': 'True'}
[0m16:20:30.391509 [info ] [MainThread]: dbt version: 1.9.2
[0m16:20:30.391683 [info ] [MainThread]: python version: 3.12.5
[0m16:20:30.391808 [info ] [MainThread]: python path: /Users/tomvandorpe/Documents/dbt_core_postgres/.venv/bin/python
[0m16:20:30.391914 [info ] [MainThread]: os info: macOS-14.6.1-arm64-arm-64bit
[0m16:20:30.394626 [info ] [MainThread]: Error importing adapter: No module named 'dbt.adapters.sqlite'
[0m16:20:30.395964 [info ] [MainThread]: Error importing adapter: No module named 'dbt.adapters.snowflake'
[0m16:20:30.396634 [info ] [MainThread]: Error importing adapter: No module named 'dbt.adapters.snowflake'
[0m16:20:30.422564 [info ] [MainThread]: Error importing adapter: No module named 'dbt.adapters.snowflake'
[0m16:20:30.423190 [info ] [MainThread]: Error importing adapter: No module named 'dbt.adapters.sqlite'
[0m16:20:30.423371 [info ] [MainThread]: Using profiles dir at /Users/tomvandorpe/.dbt
[0m16:20:30.423488 [info ] [MainThread]: Using profiles.yml file at /Users/tomvandorpe/.dbt/profiles.yml
[0m16:20:30.423591 [info ] [MainThread]: Using dbt_project.yml file at /Users/tomvandorpe/Documents/dbt_core_postgres/dbt_project.yml
[0m16:20:30.423700 [info ] [MainThread]: Configuration:
[0m16:20:30.423791 [info ] [MainThread]:   profiles.yml file [[31mERROR invalid[0m]
[0m16:20:30.423885 [info ] [MainThread]:   dbt_project.yml file [[31mERROR not found[0m]
[0m16:20:30.423975 [info ] [MainThread]: Required dependencies:
[0m16:20:30.424099 [debug] [MainThread]: Executing "git --help"
[0m16:20:30.434126 [debug] [MainThread]: STDOUT: "b"usage: git [-v | --version] [-h | --help] [-C <path>] [-c <name>=<value>]\n           [--exec-path[=<path>]] [--html-path] [--man-path] [--info-path]\n           [-p | --paginate | -P | --no-pager] [--no-replace-objects] [--no-lazy-fetch]\n           [--no-optional-locks] [--no-advice] [--bare] [--git-dir=<path>]\n           [--work-tree=<path>] [--namespace=<name>] [--config-env=<name>=<envvar>]\n           <command> [<args>]\n\nThese are common Git commands used in various situations:\n\nstart a working area (see also: git help tutorial)\n   clone     Clone a repository into a new directory\n   init      Create an empty Git repository or reinitialize an existing one\n\nwork on the current change (see also: git help everyday)\n   add       Add file contents to the index\n   mv        Move or rename a file, a directory, or a symlink\n   restore   Restore working tree files\n   rm        Remove files from the working tree and from the index\n\nexamine the history and state (see also: git help revisions)\n   bisect    Use binary search to find the commit that introduced a bug\n   diff      Show changes between commits, commit and working tree, etc\n   grep      Print lines matching a pattern\n   log       Show commit logs\n   show      Show various types of objects\n   status    Show the working tree status\n\ngrow, mark and tweak your common history\n   branch    List, create, or delete branches\n   commit    Record changes to the repository\n   merge     Join two or more development histories together\n   rebase    Reapply commits on top of another base tip\n   reset     Reset current HEAD to the specified state\n   switch    Switch branches\n   tag       Create, list, delete or verify a tag object signed with GPG\n\ncollaborate (see also: git help workflows)\n   fetch     Download objects and refs from another repository\n   pull      Fetch from and integrate with another repository or a local branch\n   push      Update remote refs along with associated objects\n\n'git help -a' and 'git help -g' list available subcommands and some\nconcept guides. See 'git help <command>' or 'git help <concept>'\nto read about a specific subcommand or concept.\nSee 'git help git' for an overview of the system.\n""
[0m16:20:30.434473 [debug] [MainThread]: STDERR: "b''"
[0m16:20:30.434587 [info ] [MainThread]:  - git [[32mOK found[0m]

[0m16:20:30.434703 [info ] [MainThread]: Connection test skipped since no profile was found
[0m16:20:30.434869 [info ] [MainThread]: [31m2 checks failed:[0m
[0m16:20:30.434981 [info ] [MainThread]: Could not load dbt_project.yml
Profile loading failed for the following reason:
Runtime Error
  Credentials in profile "dbt_core_sqlite", target "dev" invalid: Runtime Error
    Could not find adapter type sqlite!

Runtime Error
  Credentials in profile "dbt_core_test", target "dev" invalid: Runtime Error
    Could not find adapter type snowflake!

Runtime Error
  Credentials in profile "dbt_core_tom", target "dev" invalid: Runtime Error
    Could not find adapter type snowflake!

Runtime Error
  Credentials in profile "test_project_tom", target "dev" invalid: Runtime Error
    Could not find adapter type snowflake!

Runtime Error
  Credentials in profile "test_sqlite_project", target "dev" invalid: Runtime Error
    Could not find adapter type sqlite!


[0m16:20:30.435098 [info ] [MainThread]: Project loading failed for the following reason:
 project path </Users/tomvandorpe/Documents/dbt_core_postgres/dbt_project.yml> not found

[0m16:20:30.435941 [debug] [MainThread]: Resource report: {"command_name": "debug", "command_success": false, "command_wall_clock_time": 0.09126637, "process_in_blocks": "0", "process_kernel_time": 0.085035, "process_mem_max_rss": "95420416", "process_out_blocks": "0", "process_user_time": 0.489171}
[0m16:20:30.436139 [debug] [MainThread]: Command `dbt debug` failed at 16:20:30.436100 after 0.09 seconds
[0m16:20:30.436335 [debug] [MainThread]: Sending event: {'category': 'dbt', 'action': 'invocation', 'label': 'end', 'context': [<snowplow_tracker.self_describing_json.SelfDescribingJson object at 0x1085e9490>, <snowplow_tracker.self_describing_json.SelfDescribingJson object at 0x108b08a10>, <snowplow_tracker.self_describing_json.SelfDescribingJson object at 0x108753620>]}
[0m16:20:30.436501 [debug] [MainThread]: Flushing usage events
[0m16:20:31.020100 [debug] [MainThread]: An error was encountered while trying to flush usage events
[0m16:37:59.396117 [debug] [MainThread]: Sending event: {'category': 'dbt', 'action': 'invocation', 'label': 'start', 'context': [<snowplow_tracker.self_describing_json.SelfDescribingJson object at 0x1072d5f70>, <snowplow_tracker.self_describing_json.SelfDescribingJson object at 0x108588bc0>, <snowplow_tracker.self_describing_json.SelfDescribingJson object at 0x108588950>]}


============================== 16:37:59.398437 | 2158a3e9-40f0-4085-93cf-63a4a131bba2 ==============================
[0m16:37:59.398437 [info ] [MainThread]: Running with dbt=1.9.2
[0m16:37:59.398689 [debug] [MainThread]: running dbt with arguments {'printer_width': '80', 'indirect_selection': 'eager', 'log_cache_events': 'False', 'write_json': 'True', 'partial_parse': 'True', 'cache_selected_only': 'False', 'profiles_dir': '/Users/tomvandorpe/Documents/dbt_core_postgres', 'debug': 'False', 'warn_error': 'None', 'log_path': 'logs', 'fail_fast': 'False', 'version_check': 'True', 'use_colors': 'True', 'use_experimental_parser': 'False', 'empty': 'False', 'quiet': 'False', 'no_print': 'None', 'warn_error_options': 'WarnErrorOptions(include=[], exclude=[])', 'introspect': 'True', 'log_format': 'default', 'invocation_command': 'dbt run', 'target_path': 'None', 'static_parser': 'True', 'send_anonymous_usage_stats': 'True'}
[0m16:37:59.398916 [error] [MainThread]: Encountered an error:
Runtime Error
  No dbt_project.yml found at expected path /Users/tomvandorpe/Documents/dbt_core_postgres/dbt_project.yml
  Verify that each entry within packages.yml (and their transitive dependencies) contains a file named dbt_project.yml
  
[0m16:37:59.400092 [debug] [MainThread]: Resource report: {"command_name": "run", "command_success": false, "command_wall_clock_time": 0.04176754, "process_in_blocks": "0", "process_kernel_time": 0.078697, "process_mem_max_rss": "92012544", "process_out_blocks": "0", "process_user_time": 0.459294}
[0m16:37:59.400320 [debug] [MainThread]: Command `dbt run` failed at 16:37:59.400277 after 0.04 seconds
[0m16:37:59.400465 [debug] [MainThread]: Sending event: {'category': 'dbt', 'action': 'invocation', 'label': 'end', 'context': [<snowplow_tracker.self_describing_json.SelfDescribingJson object at 0x107f386b0>, <snowplow_tracker.self_describing_json.SelfDescribingJson object at 0x108588a40>, <snowplow_tracker.self_describing_json.SelfDescribingJson object at 0x10858a2d0>]}
[0m16:37:59.400596 [debug] [MainThread]: Flushing usage events
[0m16:37:59.988229 [debug] [MainThread]: An error was encountered while trying to flush usage events
[0m10:01:38.811812 [debug] [MainThread]: Sending event: {'category': 'dbt', 'action': 'invocation', 'label': 'start', 'context': [<snowplow_tracker.self_describing_json.SelfDescribingJson object at 0x7f8d59aa6020>, <snowplow_tracker.self_describing_json.SelfDescribingJson object at 0x7f8d5b4d69e0>, <snowplow_tracker.self_describing_json.SelfDescribingJson object at 0x7f8d5b4d6350>]}


============================== 10:01:38.823969 | 0352c054-3343-4fa0-b3f0-ca79bd9c44ce ==============================
[0m10:01:38.823969 [info ] [MainThread]: Running with dbt=1.9.4
[0m10:01:38.825099 [debug] [MainThread]: running dbt with arguments {'printer_width': '80', 'indirect_selection': 'eager', 'write_json': 'True', 'log_cache_events': 'False', 'partial_parse': 'True', 'cache_selected_only': 'False', 'warn_error': 'None', 'version_check': 'True', 'profiles_dir': '/Users/amauryfouville/CodingArea/dbtlearningpathinitiative/dbt_core_initiative', 'log_path': '/Users/amauryfouville/CodingArea/dbtlearningpathinitiative/dbt_core_initiative/logs', 'fail_fast': 'False', 'debug': 'False', 'use_colors': 'True', 'use_experimental_parser': 'False', 'empty': 'False', 'quiet': 'False', 'no_print': 'None', 'warn_error_options': 'WarnErrorOptions(include=[], exclude=[])', 'static_parser': 'True', 'invocation_command': 'dbt run', 'introspect': 'True', 'target_path': 'None', 'log_format': 'default', 'send_anonymous_usage_stats': 'True'}
[0m10:01:39.815322 [debug] [MainThread]: Sending event: {'category': 'dbt', 'action': 'project_id', 'label': '0352c054-3343-4fa0-b3f0-ca79bd9c44ce', 'context': [<snowplow_tracker.self_describing_json.SelfDescribingJson object at 0x7f8d5b66e440>]}
[0m10:01:39.880158 [debug] [MainThread]: Sending event: {'category': 'dbt', 'action': 'adapter_info', 'label': '0352c054-3343-4fa0-b3f0-ca79bd9c44ce', 'context': [<snowplow_tracker.self_describing_json.SelfDescribingJson object at 0x7f8d5b4db430>]}
[0m10:01:39.881627 [info ] [MainThread]: Registered adapter: postgres=1.9.0
[0m10:01:40.036314 [debug] [MainThread]: checksum: b5597158181700c50f5bc1c71fe28b37a6fb85633dc5323885263678b6bc782c, vars: {}, profile: , target: , version: 1.9.4
[0m10:01:40.037409 [info ] [MainThread]: Unable to do partial parsing because saved manifest not found. Starting full parse.
[0m10:01:40.037927 [debug] [MainThread]: Sending event: {'category': 'dbt', 'action': 'partial_parser', 'label': '0352c054-3343-4fa0-b3f0-ca79bd9c44ce', 'context': [<snowplow_tracker.self_describing_json.SelfDescribingJson object at 0x7f8d5b6ae6e0>]}
[0m10:01:41.108379 [warn ] [MainThread]: [[33mWARNING[0m]: Did not find matching node for patch with name 'my_first_dbt_model' in the 'models' section of file 'models/staging/schema.yml'
[0m10:01:41.109637 [warn ] [MainThread]: [[33mWARNING[0m]: Did not find matching node for patch with name 'my_second_dbt_model' in the 'models' section of file 'models/staging/schema.yml'
[0m10:01:41.312105 [warn ] [MainThread]: [[33mWARNING[0m]: Test 'test.dbt_fundamentals_initiative.unique_my_first_dbt_model_id.16e066b321' (models/staging/schema.yml) depends on a node named 'my_first_dbt_model' in package '' which was not found
[0m10:01:41.312697 [warn ] [MainThread]: [[33mWARNING[0m]: Test 'test.dbt_fundamentals_initiative.not_null_my_first_dbt_model_id.5fb22c2710' (models/staging/schema.yml) depends on a node named 'my_first_dbt_model' in package '' which was not found
[0m10:01:41.313181 [warn ] [MainThread]: [[33mWARNING[0m]: Test 'test.dbt_fundamentals_initiative.unique_my_second_dbt_model_id.57a0f8c493' (models/staging/schema.yml) depends on a node named 'my_second_dbt_model' in package '' which was not found
[0m10:01:41.313771 [warn ] [MainThread]: [[33mWARNING[0m]: Test 'test.dbt_fundamentals_initiative.not_null_my_second_dbt_model_id.151b76d778' (models/staging/schema.yml) depends on a node named 'my_second_dbt_model' in package '' which was not found
[0m10:01:41.416399 [warn ] [MainThread]: [[33mWARNING[0m]: Configuration paths exist in your dbt_project.yml file which do not apply to any resources.
There are 1 unused configuration paths:
- models.dbt_fundamentals_initiative.example
[0m10:01:41.431342 [debug] [MainThread]: Sending event: {'category': 'dbt', 'action': 'load_project', 'label': '0352c054-3343-4fa0-b3f0-ca79bd9c44ce', 'context': [<snowplow_tracker.self_describing_json.SelfDescribingJson object at 0x7f8d5bfa8220>]}
[0m10:01:41.555312 [debug] [MainThread]: Wrote artifact WritableManifest to /Users/amauryfouville/CodingArea/dbtlearningpathinitiative/dbt_core_initiative/target/manifest.json
[0m10:01:41.559230 [debug] [MainThread]: Wrote artifact SemanticManifest to /Users/amauryfouville/CodingArea/dbtlearningpathinitiative/dbt_core_initiative/target/semantic_manifest.json
[0m10:01:41.583781 [debug] [MainThread]: Sending event: {'category': 'dbt', 'action': 'resource_counts', 'label': '0352c054-3343-4fa0-b3f0-ca79bd9c44ce', 'context': [<snowplow_tracker.self_describing_json.SelfDescribingJson object at 0x7f8d5bfab4f0>]}
[0m10:01:41.584448 [info ] [MainThread]: Found 1 model, 3 sources, 433 macros
[0m10:01:41.584916 [debug] [MainThread]: Sending event: {'category': 'dbt', 'action': 'runnable_timing', 'label': '0352c054-3343-4fa0-b3f0-ca79bd9c44ce', 'context': [<snowplow_tracker.self_describing_json.SelfDescribingJson object at 0x7f8d5bf7e5c0>]}
[0m10:01:41.586934 [info ] [MainThread]: 
[0m10:01:41.587415 [info ] [MainThread]: Concurrency: 1 threads (target='dev')
[0m10:01:41.587830 [info ] [MainThread]: 
[0m10:01:41.588450 [debug] [MainThread]: Acquiring new postgres connection 'master'
[0m10:01:41.589417 [debug] [ThreadPool]: Acquiring new postgres connection 'list_AdventureWorks'
[0m10:01:41.660037 [debug] [ThreadPool]: Using postgres connection "list_AdventureWorks"
[0m10:01:41.660580 [debug] [ThreadPool]: On list_AdventureWorks: /* {"app": "dbt", "dbt_version": "1.9.4", "profile_name": "dbt_fundamentals_initiative", "target_name": "dev", "connection_name": "list_AdventureWorks"} */

    select distinct nspname from pg_namespace
  
[0m10:01:41.661001 [debug] [ThreadPool]: Opening a new connection, currently in state init
[0m10:01:42.175224 [debug] [ThreadPool]: SQL status: SELECT 12 in 0.514 seconds
[0m10:01:42.176937 [debug] [ThreadPool]: On list_AdventureWorks: Close
[0m10:01:42.179750 [debug] [ThreadPool]: Re-using an available connection from the pool (formerly list_AdventureWorks, now create_AdventureWorks_dbt_amaury)
[0m10:01:42.180480 [debug] [ThreadPool]: Creating schema "database: "AdventureWorks"
schema: "dbt_amaury"
"
[0m10:01:42.186692 [debug] [ThreadPool]: Using postgres connection "create_AdventureWorks_dbt_amaury"
[0m10:01:42.187133 [debug] [ThreadPool]: On create_AdventureWorks_dbt_amaury: BEGIN
[0m10:01:42.187529 [debug] [ThreadPool]: Opening a new connection, currently in state closed
[0m10:01:42.624746 [debug] [ThreadPool]: SQL status: BEGIN in 0.437 seconds
[0m10:01:42.625316 [debug] [ThreadPool]: Using postgres connection "create_AdventureWorks_dbt_amaury"
[0m10:01:42.625770 [debug] [ThreadPool]: On create_AdventureWorks_dbt_amaury: /* {"app": "dbt", "dbt_version": "1.9.4", "profile_name": "dbt_fundamentals_initiative", "target_name": "dev", "connection_name": "create_AdventureWorks_dbt_amaury"} */
create schema if not exists "dbt_amaury"
[0m10:01:42.678511 [debug] [ThreadPool]: SQL status: CREATE SCHEMA in 0.052 seconds
[0m10:01:42.681256 [debug] [ThreadPool]: On create_AdventureWorks_dbt_amaury: COMMIT
[0m10:01:42.682325 [debug] [ThreadPool]: Using postgres connection "create_AdventureWorks_dbt_amaury"
[0m10:01:42.682844 [debug] [ThreadPool]: On create_AdventureWorks_dbt_amaury: COMMIT
[0m10:01:42.748157 [debug] [ThreadPool]: SQL status: COMMIT in 0.065 seconds
[0m10:01:42.748773 [debug] [ThreadPool]: On create_AdventureWorks_dbt_amaury: Close
[0m10:01:42.750403 [debug] [ThreadPool]: Re-using an available connection from the pool (formerly create_AdventureWorks_dbt_amaury, now list_AdventureWorks_dbt_amaury)
[0m10:01:42.757828 [debug] [ThreadPool]: Using postgres connection "list_AdventureWorks_dbt_amaury"
[0m10:01:42.758352 [debug] [ThreadPool]: On list_AdventureWorks_dbt_amaury: BEGIN
[0m10:01:42.758758 [debug] [ThreadPool]: Opening a new connection, currently in state closed
[0m10:01:43.152077 [debug] [ThreadPool]: SQL status: BEGIN in 0.393 seconds
[0m10:01:43.152616 [debug] [ThreadPool]: Using postgres connection "list_AdventureWorks_dbt_amaury"
[0m10:01:43.153014 [debug] [ThreadPool]: On list_AdventureWorks_dbt_amaury: /* {"app": "dbt", "dbt_version": "1.9.4", "profile_name": "dbt_fundamentals_initiative", "target_name": "dev", "connection_name": "list_AdventureWorks_dbt_amaury"} */
select
      'AdventureWorks' as database,
      tablename as name,
      schemaname as schema,
      'table' as type
    from pg_tables
    where schemaname ilike 'dbt_amaury'
    union all
    select
      'AdventureWorks' as database,
      viewname as name,
      schemaname as schema,
      'view' as type
    from pg_views
    where schemaname ilike 'dbt_amaury'
    union all
    select
      'AdventureWorks' as database,
      matviewname as name,
      schemaname as schema,
      'materialized_view' as type
    from pg_matviews
    where schemaname ilike 'dbt_amaury'
  
[0m10:01:43.198582 [debug] [ThreadPool]: SQL status: SELECT 0 in 0.045 seconds
[0m10:01:43.199810 [debug] [ThreadPool]: On list_AdventureWorks_dbt_amaury: ROLLBACK
[0m10:01:43.240420 [debug] [ThreadPool]: On list_AdventureWorks_dbt_amaury: Close
[0m10:01:43.245468 [debug] [MainThread]: Using postgres connection "master"
[0m10:01:43.245859 [debug] [MainThread]: On master: BEGIN
[0m10:01:43.246185 [debug] [MainThread]: Opening a new connection, currently in state init
[0m10:01:43.643853 [debug] [MainThread]: SQL status: BEGIN in 0.397 seconds
[0m10:01:43.644832 [debug] [MainThread]: Using postgres connection "master"
[0m10:01:43.645712 [debug] [MainThread]: On master: /* {"app": "dbt", "dbt_version": "1.9.4", "profile_name": "dbt_fundamentals_initiative", "target_name": "dev", "connection_name": "master"} */
with relation as (
        select
            pg_rewrite.ev_class as class,
            pg_rewrite.oid as id
        from pg_rewrite
    ),
    class as (
        select
            oid as id,
            relname as name,
            relnamespace as schema,
            relkind as kind
        from pg_class
    ),
    dependency as (
        select distinct
            pg_depend.objid as id,
            pg_depend.refobjid as ref
        from pg_depend
    ),
    schema as (
        select
            pg_namespace.oid as id,
            pg_namespace.nspname as name
        from pg_namespace
        where nspname != 'information_schema' and nspname not like 'pg\_%'
    ),
    referenced as (
        select
            relation.id AS id,
            referenced_class.name ,
            referenced_class.schema ,
            referenced_class.kind
        from relation
        join class as referenced_class on relation.class=referenced_class.id
        where referenced_class.kind in ('r', 'v', 'm')
    ),
    relationships as (
        select
            referenced.name as referenced_name,
            referenced.schema as referenced_schema_id,
            dependent_class.name as dependent_name,
            dependent_class.schema as dependent_schema_id,
            referenced.kind as kind
        from referenced
        join dependency on referenced.id=dependency.id
        join class as dependent_class on dependency.ref=dependent_class.id
        where
            (referenced.name != dependent_class.name or
             referenced.schema != dependent_class.schema)
    )

    select
        referenced_schema.name as referenced_schema,
        relationships.referenced_name as referenced_name,
        dependent_schema.name as dependent_schema,
        relationships.dependent_name as dependent_name
    from relationships
    join schema as dependent_schema on relationships.dependent_schema_id=dependent_schema.id
    join schema as referenced_schema on relationships.referenced_schema_id=referenced_schema.id
    group by referenced_schema, referenced_name, dependent_schema, dependent_name
    order by referenced_schema, referenced_name, dependent_schema, dependent_name;
[0m10:01:43.719064 [debug] [MainThread]: SQL status: SELECT 9 in 0.072 seconds
[0m10:01:43.721673 [debug] [MainThread]: Sending event: {'category': 'dbt', 'action': 'runnable_timing', 'label': '0352c054-3343-4fa0-b3f0-ca79bd9c44ce', 'context': [<snowplow_tracker.self_describing_json.SelfDescribingJson object at 0x7f8d5d19b190>]}
[0m10:01:43.722459 [debug] [MainThread]: On master: ROLLBACK
[0m10:01:43.761798 [debug] [MainThread]: Using postgres connection "master"
[0m10:01:43.762801 [debug] [MainThread]: On master: BEGIN
[0m10:01:43.856315 [debug] [MainThread]: SQL status: BEGIN in 0.093 seconds
[0m10:01:43.857298 [debug] [MainThread]: On master: COMMIT
[0m10:01:43.858014 [debug] [MainThread]: Using postgres connection "master"
[0m10:01:43.858698 [debug] [MainThread]: On master: COMMIT
[0m10:01:43.897738 [debug] [MainThread]: SQL status: COMMIT in 0.038 seconds
[0m10:01:43.898793 [debug] [MainThread]: On master: Close
[0m10:01:43.905926 [debug] [Thread-1 (]: Began running node model.dbt_fundamentals_initiative.stg_customer
[0m10:01:43.906914 [info ] [Thread-1 (]: 1 of 1 START sql view model dbt_amaury.stg_customer ............................ [RUN]
[0m10:01:43.908017 [debug] [Thread-1 (]: Re-using an available connection from the pool (formerly list_AdventureWorks_dbt_amaury, now model.dbt_fundamentals_initiative.stg_customer)
[0m10:01:43.908697 [debug] [Thread-1 (]: Began compiling node model.dbt_fundamentals_initiative.stg_customer
[0m10:01:43.919722 [debug] [Thread-1 (]: Writing injected SQL for node "model.dbt_fundamentals_initiative.stg_customer"
[0m10:01:43.921205 [debug] [Thread-1 (]: Began executing node model.dbt_fundamentals_initiative.stg_customer
[0m10:01:43.969146 [debug] [Thread-1 (]: Writing runtime sql for node "model.dbt_fundamentals_initiative.stg_customer"
[0m10:01:43.970424 [debug] [Thread-1 (]: Using postgres connection "model.dbt_fundamentals_initiative.stg_customer"
[0m10:01:43.970907 [debug] [Thread-1 (]: On model.dbt_fundamentals_initiative.stg_customer: BEGIN
[0m10:01:43.971362 [debug] [Thread-1 (]: Opening a new connection, currently in state closed
[0m10:01:44.411512 [debug] [Thread-1 (]: SQL status: BEGIN in 0.440 seconds
[0m10:01:44.412552 [debug] [Thread-1 (]: Using postgres connection "model.dbt_fundamentals_initiative.stg_customer"
[0m10:01:44.413402 [debug] [Thread-1 (]: On model.dbt_fundamentals_initiative.stg_customer: /* {"app": "dbt", "dbt_version": "1.9.4", "profile_name": "dbt_fundamentals_initiative", "target_name": "dev", "node_id": "model.dbt_fundamentals_initiative.stg_customer"} */

  create view "AdventureWorks"."dbt_amaury"."stg_customer__dbt_tmp"
    
    
  as (
    select * from "AdventureWorks"."sales_data"."customer"
  );
[0m10:01:44.456317 [debug] [Thread-1 (]: SQL status: CREATE VIEW in 0.042 seconds
[0m10:01:44.466155 [debug] [Thread-1 (]: Using postgres connection "model.dbt_fundamentals_initiative.stg_customer"
[0m10:01:44.466744 [debug] [Thread-1 (]: On model.dbt_fundamentals_initiative.stg_customer: /* {"app": "dbt", "dbt_version": "1.9.4", "profile_name": "dbt_fundamentals_initiative", "target_name": "dev", "node_id": "model.dbt_fundamentals_initiative.stg_customer"} */
alter table "AdventureWorks"."dbt_amaury"."stg_customer__dbt_tmp" rename to "stg_customer"
[0m10:01:44.510710 [debug] [Thread-1 (]: SQL status: ALTER TABLE in 0.043 seconds
[0m10:01:44.531238 [debug] [Thread-1 (]: On model.dbt_fundamentals_initiative.stg_customer: COMMIT
[0m10:01:44.531912 [debug] [Thread-1 (]: Using postgres connection "model.dbt_fundamentals_initiative.stg_customer"
[0m10:01:44.532455 [debug] [Thread-1 (]: On model.dbt_fundamentals_initiative.stg_customer: COMMIT
[0m10:01:44.570413 [debug] [Thread-1 (]: SQL status: COMMIT in 0.037 seconds
[0m10:01:44.580359 [debug] [Thread-1 (]: Applying DROP to: "AdventureWorks"."dbt_amaury"."stg_customer__dbt_backup"
[0m10:01:44.586097 [debug] [Thread-1 (]: Using postgres connection "model.dbt_fundamentals_initiative.stg_customer"
[0m10:01:44.586661 [debug] [Thread-1 (]: On model.dbt_fundamentals_initiative.stg_customer: /* {"app": "dbt", "dbt_version": "1.9.4", "profile_name": "dbt_fundamentals_initiative", "target_name": "dev", "node_id": "model.dbt_fundamentals_initiative.stg_customer"} */
drop view if exists "AdventureWorks"."dbt_amaury"."stg_customer__dbt_backup" cascade
[0m10:01:44.625757 [debug] [Thread-1 (]: SQL status: DROP VIEW in 0.038 seconds
[0m10:01:44.630488 [debug] [Thread-1 (]: On model.dbt_fundamentals_initiative.stg_customer: Close
[0m10:01:44.634063 [debug] [Thread-1 (]: Sending event: {'category': 'dbt', 'action': 'run_model', 'label': '0352c054-3343-4fa0-b3f0-ca79bd9c44ce', 'context': [<snowplow_tracker.self_describing_json.SelfDescribingJson object at 0x7f8d5d19ba00>]}
[0m10:01:44.635342 [info ] [Thread-1 (]: 1 of 1 OK created sql view model dbt_amaury.stg_customer ....................... [[32mCREATE VIEW[0m in 0.72s]
[0m10:01:44.636276 [debug] [Thread-1 (]: Finished running node model.dbt_fundamentals_initiative.stg_customer
[0m10:01:44.638158 [debug] [MainThread]: Using postgres connection "master"
[0m10:01:44.638660 [debug] [MainThread]: On master: BEGIN
[0m10:01:44.639122 [debug] [MainThread]: Opening a new connection, currently in state closed
[0m10:01:45.037938 [debug] [MainThread]: SQL status: BEGIN in 0.399 seconds
[0m10:01:45.038946 [debug] [MainThread]: On master: COMMIT
[0m10:01:45.039663 [debug] [MainThread]: Using postgres connection "master"
[0m10:01:45.040347 [debug] [MainThread]: On master: COMMIT
[0m10:01:45.080177 [debug] [MainThread]: SQL status: COMMIT in 0.039 seconds
[0m10:01:45.081338 [debug] [MainThread]: On master: Close
[0m10:01:45.082647 [debug] [MainThread]: Connection 'master' was properly closed.
[0m10:01:45.083301 [debug] [MainThread]: Connection 'model.dbt_fundamentals_initiative.stg_customer' was properly closed.
[0m10:01:45.083880 [info ] [MainThread]: 
[0m10:01:45.084492 [info ] [MainThread]: Finished running 1 view model in 0 hours 0 minutes and 3.50 seconds (3.50s).
[0m10:01:45.085631 [debug] [MainThread]: Command end result
[0m10:01:45.116077 [debug] [MainThread]: Wrote artifact WritableManifest to /Users/amauryfouville/CodingArea/dbtlearningpathinitiative/dbt_core_initiative/target/manifest.json
[0m10:01:45.118104 [debug] [MainThread]: Wrote artifact SemanticManifest to /Users/amauryfouville/CodingArea/dbtlearningpathinitiative/dbt_core_initiative/target/semantic_manifest.json
[0m10:01:45.127448 [debug] [MainThread]: Wrote artifact RunExecutionResult to /Users/amauryfouville/CodingArea/dbtlearningpathinitiative/dbt_core_initiative/target/run_results.json
[0m10:01:45.127989 [info ] [MainThread]: 
[0m10:01:45.128595 [info ] [MainThread]: [32mCompleted successfully[0m
[0m10:01:45.129123 [info ] [MainThread]: 
[0m10:01:45.129828 [info ] [MainThread]: Done. PASS=1 WARN=0 ERROR=0 SKIP=0 TOTAL=1
[0m10:01:45.139353 [debug] [MainThread]: Resource report: {"command_name": "run", "command_success": true, "command_wall_clock_time": 6.4262786, "process_in_blocks": "0", "process_kernel_time": 0.469109, "process_mem_max_rss": "121135104", "process_out_blocks": "0", "process_user_time": 3.697894}
[0m10:01:45.140107 [debug] [MainThread]: Command `dbt run` succeeded at 10:01:45.139926 after 6.43 seconds
[0m10:01:45.140704 [debug] [MainThread]: Sending event: {'category': 'dbt', 'action': 'invocation', 'label': 'end', 'context': [<snowplow_tracker.self_describing_json.SelfDescribingJson object at 0x7f8d59aa6020>, <snowplow_tracker.self_describing_json.SelfDescribingJson object at 0x7f8d5b6ae290>, <snowplow_tracker.self_describing_json.SelfDescribingJson object at 0x7f8d59bde290>]}
[0m10:01:45.141346 [debug] [MainThread]: Flushing usage events
[0m10:01:45.636928 [debug] [MainThread]: An error was encountered while trying to flush usage events
